----------

Thu Sep 28 2023 17:14:37 GMT+0530 (India Standard Time)

To https://github.com/tedxsac/tedxsac.github.io.git
   31c9d8b..334857b  main -> main


----------

Thu Sep 28 2023 17:21:45 GMT+0530 (India Standard Time)

Get-Content : Cannot find path 'C:\Mnz-Personal\BCA\tedx\main.js' because it does not exist.


----------

Thu Sep 28 2023 17:21:45 GMT+0530 (India Standard Time)

At line:1 char:2
+ (Get-Content 'main.js') | ForEach-Object { $_ -replace [regex]::Escap ...
+  ~~~~~~~~~~~~~~~~~~~~~
    + CategoryInfo          : ObjectNotFound: (C:\Mnz-Personal\BCA\tedx\main.js:String) [Get-Content], ItemNotFoundExc 
   eption
    + FullyQualifiedErrorId : PathNotFound,Microsoft.PowerShell.Commands.GetContentCommand
 


----------

Thu Sep 28 2023 17:21:56 GMT+0530 (India Standard Time)

To https://github.com/tedxsac/tedxsac.github.io.git
   d9d4355..19ab682  main -> main


----------

Thu Sep 28 2023 17:24:37 GMT+0530 (India Standard Time)

Get-Content : Cannot find path 'C:\Mnz-Personal\BCA\tedx\assests\js\main.js' because it does not exist.
At line:1 char:2
+ (Get-Content 'assests/js/main.js') | ForEach-Object { $_ -replace [re ...
+  ~~~~~~~~~~~~~~~~~~~~~~~~~~~~~~~~


----------

Thu Sep 28 2023 17:24:37 GMT+0530 (India Standard Time)

    + CategoryInfo          : ObjectNotFound: (C:\Mnz-Personal...ests\js\main.js:String) [Get-Content], ItemNotFoundEx 
   ception
    + FullyQualifiedErrorId : PathNotFound,Microsoft.PowerShell.Commands.GetContentCommand
 


----------

Thu Sep 28 2023 17:24:49 GMT+0530 (India Standard Time)

To https://github.com/tedxsac/tedxsac.github.io.git
   fdd7f9c..d880ef0  main -> main


----------

Thu Sep 28 2023 17:32:46 GMT+0530 (India Standard Time)

Everything up-to-date


----------

Thu Sep 28 2023 22:39:20 GMT+0530 (India Standard Time)

To https://github.com/tedxsac/tedxsac.github.io.git
   960fe13..4689b2e  main -> main


