----------

Fri Oct 13 2023 09:39:12 GMT+0530 (India Standard Time)

To https://github.com/tedxsac/tedxsac.github.io.git
   2478935..b69de87  main -> main


----------

Fri Oct 13 2023 09:49:27 GMT+0530 (India Standard Time)

To https://github.com/tedxsac/tedxsac.github.io.git
   b69de87..ac72fad  main -> main


----------

Fri Oct 13 2023 10:24:52 GMT+0530 (India Standard Time)

To https://github.com/tedxsac/tedxsac.github.io.git
   ac72fad..b57ffde  main -> main


----------

Fri Oct 13 2023 12:07:10 GMT+0530 (India Standard Time)

To https://github.com/tedxsac/tedxsac.github.io.git
   b816acc..5ed69b1  main -> main


----------

Fri Oct 13 2023 12:10:35 GMT+0530 (India Standard Time)

fatal: unable to access 'https://github.com/tedxsac/tedxsac.github.io.git/': Recv failure: Connection was reset


----------

Fri Oct 13 2023 21:34:24 GMT+0530 (India Standard Time)

To https://github.com/tedxsac/tedxsac.github.io.git
   5ed69b1..ebfa29e  main -> main


